Flutter crash report.
Please report a bug at https://github.com/flutter/flutter/issues.

## command

flutter run --machine --start-paused -d chrome --devtools-server-address http://127.0.0.1:9100/ --target /Users/mansoormajeed/Desktop/Dev/flutter_application_1/lib/main.dart

## exception

HttpException: HttpException: Connection closed before full header was received, uri = http://localhost:52152/json

```
```

## flutter doctor

```
[!] Flutter (Channel stable, 3.24.0, on macOS 14.5 23F79 darwin-arm64, locale en-IN)
    • Flutter version 3.24.0 on channel stable at /Users/mansoormajeed/flutter
    ! The flutter binary is not on your path. Consider adding /Users/mansoormajeed/flutter/bin to your path.
    ! The dart binary is not on your path. Consider adding /Users/mansoormajeed/flutter/bin to your path.
    • Upstream repository https://github.com/flutter/flutter.git
    • Framework revision 80c2e84975 (13 days ago), 2024-07-30 23:06:49 +0700
    • Engine revision b8800d88be
    • Dart version 3.5.0
    • DevTools version 2.37.2
    • If those were intentional, you can disregard the above warnings; however it is recommended to use "git" directly to perform update checks and upgrades.

[☠] Android toolchain - develop for Android devices (the doctor check crashed)
    ✗ Due to an error, the doctor check did not complete. If the error message below is not helpful, please let us know about this issue at https://github.com/flutter/flutter/issues.
    ✗ Exception: Android toolchain - develop for Android devices exceeded maximum allowed duration of 0:04:30.000000
    • 

[✓] Xcode - develop for iOS and macOS (Xcode 15.4)
    • Xcode at /Applications/Xcode.app/Contents/Developer
    • Build 15F31d
    • CocoaPods version 1.15.2

[✓] Chrome - develop for the web
    • Chrome at /Applications/Google Chrome.app/Contents/MacOS/Google Chrome

[✓] Android Studio (version 2024.1)
    • Android Studio at /Applications/Android Studio.app/Contents
    • Flutter plugin can be installed from:
      🔨 https://plugins.jetbrains.com/plugin/9212-flutter
    • Dart plugin can be installed from:
      🔨 https://plugins.jetbrains.com/plugin/6351-dart
    • Java version OpenJDK Runtime Environment (build 17.0.11+0-17.0.11b1207.24-11852314)

[✓] VS Code (version 1.90.2)
    • VS Code at /Users/mansoormajeed/Downloads/Visual Studio Code.app/Contents
    • Flutter extension version 3.94.0

[✓] Connected device (3 available)
    • macOS (desktop)                 • macos                 • darwin-arm64   • macOS 14.5 23F79 darwin-arm64
    • Mac Designed for iPad (desktop) • mac-designed-for-ipad • darwin         • macOS 14.5 23F79 darwin-arm64
    • Chrome (web)                    • chrome                • web-javascript • Google Chrome 127.0.6533.100

[✓] Network resources
    • All expected network resources are available.

! Doctor found issues in 2 categories.
```
